<?xml version="1.0" encoding="UTF-8" ?>
<testsuite failures="0" time="0.017" errors="0" skipped="0" tests="8" name="net.jadler.matchers.RequestMatcherTest">
  <properties>
[...]
</properties>
  <testcase time="0.009" classname="net.jadler.matchers.RequestMatcherTest" name="matches"/>
  <testcase time="0" classname="net.jadler.matchers.RequestMatcherTest" name="constructor"/>
  <testcase time="0" classname="net.jadler.matchers.RequestMatcherTest" name="testDescribeMismatch"/>
  <testcase time="0" classname="net.jadler.matchers.RequestMatcherTest" name="describeTo"/>
  <testcase time="0" classname="net.jadler.matchers.RequestMatcherTest" name="matchesObject"/>
  <testcase time="0" classname="net.jadler.matchers.RequestMatcherTest" name="matchesNull"/>
  <testcase time="0.001" classname="net.jadler.matchers.RequestMatcherTest" name="matchesException"/>
  <testcase time="0" classname="net.jadler.matchers.RequestMatcherTest" name="notMatches"/>
</testsuite>